
> ecommerce-ai-studio@0.1.0 dev /mnt/d/ai/viecom
> next dev -p 3000

   ▲ Next.js 15.5.7
   - Local:        http://localhost:3000
   - Network:      http://10.255.255.254:3000
   - Environments: .env.local
   - Experiments (use with caution):
     · serverActions

 ✓ Starting...
 ✓ Ready in 70.5s
 ○ Compiling /middleware ...
 ✓ Compiled /middleware in 23.6s (257 modules)
 ○ Compiling /[locale] ...
 ✓ Compiled /[locale] in 3436.4s (2074 modules)
 GET /en 200 in 24084ms
Image with src "https://images.unsplash.com/photo-1620641788421-7a1c342ea42e?auto=format&fit=crop&q=80&w=1600" is using quality "70" which is not configured in images.qualities. This config will be required starting in Next.js 16.
Read more: https://nextjs.org/docs/messages/next-image-unconfigured-qualities
 GET /en 200 in 4439ms
 ○ Compiling /api/v1/showcase ...
 ⨯ Failed to generate static paths for /[locale]:
[Error: require() of ES Module /mnt/d/ai/viecom/.next/server/app/[locale]/page.js from /mnt/d/ai/viecom/node_modules/.pnpm/next@15.5.7_@babel+core@7.28.5_@opentelemetry+api@1.9.0_@playwright+test@1.56.1_react-d_fcaeb60b04d79f2ed9575dc568f5fc51/node_modules/next/dist/server/require.js not supported.
page.js is treated as an ES module file as it is a .js file whose nearest parent package.json contains "type": "module" which declares all .js files in that package scope as ES modules.
Instead either rename page.js to end in .cjs, change the requiring code to use dynamic import() which is available in all CommonJS modules, or change "type": "module" to "type": "commonjs" in /mnt/d/ai/viecom/package.json to treat all .js files as CommonJS (using .mjs for all ES modules instead).
] {
  type: 'Error',
  code: 'ERR_REQUIRE_ESM'
}
 ✓ Compiled /_not-found in 28.1s (2088 modules)
 ⨯ Error: ENOENT: no such file or directory, open '/mnt/d/ai/viecom/.next/server/vendor-chunks/next@15.5.7_@babel+core@7.28.5_@opentelemetry+api@1.9.0_@playwright+test@1.56.1_react-d_fcaeb60b04d79f2ed9575dc568f5fc51.js'
    at <unknown> (.next/server/app/_not-found/page.js:439:47)
    at Object.<anonymous> (.next/server/app/_not-found/page.js:442:3) {
  errno: -2,
  code: 'ENOENT',
  syscall: 'open',
  path: '/mnt/d/ai/viecom/.next/server/vendor-chunks/next@15.5.7_@babel+core@7.28.5_@opentelemetry+api@1.9.0_@playwright+test@1.56.1_react-d_fcaeb60b04d79f2ed9575dc568f5fc51.js'
}
 ⨯ [Error: Cannot find module '/mnt/d/ai/viecom/.next/server/app/api/v1/videos/route.js'
Require stack:
- /mnt/d/ai/viecom/node_modules/.pnpm/next@15.5.7_@babel+core@7.28.5_@opentelemetry+api@1.9.0_@playwright+test@1.56.1_react-d_fcaeb60b04d79f2ed9575dc568f5fc51/node_modules/next/dist/server/require.js
- /mnt/d/ai/viecom/node_modules/.pnpm/next@15.5.7_@babel+core@7.28.5_@opentelemetry+api@1.9.0_@playwright+test@1.56.1_react-d_fcaeb60b04d79f2ed9575dc568f5fc51/node_modules/next/dist/server/load-components.js
- /mnt/d/ai/viecom/node_modules/.pnpm/next@15.5.7_@babel+core@7.28.5_@opentelemetry+api@1.9.0_@playwright+test@1.56.1_react-d_fcaeb60b04d79f2ed9575dc568f5fc51/node_modules/next/dist/build/utils.js
- /mnt/d/ai/viecom/node_modules/.pnpm/next@15.5.7_@babel+core@7.28.5_@opentelemetry+api@1.9.0_@playwright+test@1.56.1_react-d_fcaeb60b04d79f2ed9575dc568f5fc51/node_modules/next/dist/build/swc/options.js
- /mnt/d/ai/viecom/node_modules/.pnpm/next@15.5.7_@babel+core@7.28.5_@opentelemetry+api@1.9.0_@playwright+test@1.56.1_react-d_fcaeb60b04d79f2ed9575dc568f5fc51/node_modules/next/dist/build/swc/index.js
- /mnt/d/ai/viecom/node_modules/.pnpm/next@15.5.7_@babel+core@7.28.5_@opentelemetry+api@1.9.0_@playwright+test@1.56.1_react-d_fcaeb60b04d79f2ed9575dc568f5fc51/node_modules/next/dist/build/next-config-ts/transpile-config.js
- /mnt/d/ai/viecom/node_modules/.pnpm/next@15.5.7_@babel+core@7.28.5_@opentelemetry+api@1.9.0_@playwright+test@1.56.1_react-d_fcaeb60b04d79f2ed9575dc568f5fc51/node_modules/next/dist/server/config.js
- /mnt/d/ai/viecom/node_modules/.pnpm/next@15.5.7_@babel+core@7.28.5_@opentelemetry+api@1.9.0_@playwright+test@1.56.1_react-d_fcaeb60b04d79f2ed9575dc568f5fc51/node_modules/next/dist/server/next.js
- /mnt/d/ai/viecom/node_modules/.pnpm/next@15.5.7_@babel+core@7.28.5_@opentelemetry+api@1.9.0_@playwright+test@1.56.1_react-d_fcaeb60b04d79f2ed9575dc568f5fc51/node_modules/next/dist/server/lib/start-server.js] {
  code: 'MODULE_NOT_FOUND',
  requireStack: [Array],
  page: '/api/v1/videos'
}
 ⨯ Error: ENOENT: no such file or directory, open '/mnt/d/ai/viecom/.next/server/vendor-chunks/next@15.5.7_@babel+core@7.28.5_@opentelemetry+api@1.9.0_@playwright+test@1.56.1_react-d_fcaeb60b04d79f2ed9575dc568f5fc51.js'
    at <unknown> (.next/server/app/api/auth/get-session/route.js:350:47)
    at Object.<anonymous> (.next/server/app/api/auth/get-session/route.js:353:3) {
  errno: -2,
  code: 'ENOENT',
  syscall: 'open',
  path: '/mnt/d/ai/viecom/.next/server/vendor-chunks/next@15.5.7_@babel+core@7.28.5_@opentelemetry+api@1.9.0_@playwright+test@1.56.1_react-d_fcaeb60b04d79f2ed9575dc568f5fc51.js',
  page: '/api/auth/get-session'
}
 ⨯ Error: ENOENT: no such file or directory, open '/mnt/d/ai/viecom/.next/server/vendor-chunks/next@15.5.7_@babel+core@7.28.5_@opentelemetry+api@1.9.0_@playwright+test@1.56.1_react-d_fcaeb60b04d79f2ed9575dc568f5fc51.js'
    at <unknown> (.next/server/app/api/v1/showcase/route.js:229:47)
    at Object.<anonymous> (.next/server/app/api/v1/showcase/route.js:232:3) {
  errno: -2,
  code: 'ENOENT',
  syscall: 'open',
  path: '/mnt/d/ai/viecom/.next/server/vendor-chunks/next@15.5.7_@babel+core@7.28.5_@opentelemetry+api@1.9.0_@playwright+test@1.56.1_react-d_fcaeb60b04d79f2ed9575dc568f5fc51.js',
  page: '/api/v1/showcase'
}
 ⨯ Error: ENOENT: no such file or directory, open '/mnt/d/ai/viecom/.next/server/vendor-chunks/next@15.5.7_@babel+core@7.28.5_@opentelemetry+api@1.9.0_@playwright+test@1.56.1_react-d_fcaeb60b04d79f2ed9575dc568f5fc51.js'
    at <unknown> (.next/server/app/[locale]/page.js:1224:47)
    at Object.<anonymous> (.next/server/app/[locale]/page.js:1227:3) {
  errno: -2,
  code: 'ENOENT',
  syscall: 'open',
  path: '/mnt/d/ai/viecom/.next/server/vendor-chunks/next@15.5.7_@babel+core@7.28.5_@opentelemetry+api@1.9.0_@playwright+test@1.56.1_react-d_fcaeb60b04d79f2ed9575dc568f5fc51.js',
  page: '/en'
}
 ○ Compiling /_error ...
 ✓ Compiled /_error in 62.5s (2522 modules)
 GET /api/v1/videos 500 in 104112ms
 GET /api/auth/get-session 500 in 103935ms
 GET /api/v1/showcase?placement=landing 500 in 104133ms
 GET /en 500 in 84286ms
 GET /en 404 in 73079ms
 GET /en/enhancing-product-photos 404 in 44470ms
 ⚠ Fast Refresh had to perform a full reload. Read more: https://nextjs.org/docs/messages/fast-refresh-reload
 ✓ Compiled in 7.6s (1677 modules)
 ○ Compiling /[locale]/docs ...
 ✓ Compiled /[locale]/docs in 6.5s (2370 modules)
 ⨯ [Error: Cannot find module './vendor-chunks/better-auth@1.3.34_next@15.5.7_@babel+core@7.28.5_@opentelemetry+api@1.9.0_@playwright+_e2ed27a3b1b1f907e4da5c6aa8e1d1a7.js'
Require stack:
- /mnt/d/ai/viecom/.next/server/webpack-runtime.js
- /mnt/d/ai/viecom/.next/server/app/[locale]/docs/page.js
- /mnt/d/ai/viecom/node_modules/.pnpm/next@15.5.7_@babel+core@7.28.5_@opentelemetry+api@1.9.0_@playwright+test@1.56.1_react-d_fcaeb60b04d79f2ed9575dc568f5fc51/node_modules/next/dist/server/require.js
- /mnt/d/ai/viecom/node_modules/.pnpm/next@15.5.7_@babel+core@7.28.5_@opentelemetry+api@1.9.0_@playwright+test@1.56.1_react-d_fcaeb60b04d79f2ed9575dc568f5fc51/node_modules/next/dist/server/load-components.js
- /mnt/d/ai/viecom/node_modules/.pnpm/next@15.5.7_@babel+core@7.28.5_@opentelemetry+api@1.9.0_@playwright+test@1.56.1_react-d_fcaeb60b04d79f2ed9575dc568f5fc51/node_modules/next/dist/build/utils.js
- /mnt/d/ai/viecom/node_modules/.pnpm/next@15.5.7_@babel+core@7.28.5_@opentelemetry+api@1.9.0_@playwright+test@1.56.1_react-d_fcaeb60b04d79f2ed9575dc568f5fc51/node_modules/next/dist/server/dev/static-paths-worker.js
- /mnt/d/ai/viecom/node_modules/.pnpm/next@15.5.7_@babel+core@7.28.5_@opentelemetry+api@1.9.0_@playwright+test@1.56.1_react-d_fcaeb60b04d79f2ed9575dc568f5fc51/node_modules/next/dist/compiled/jest-worker/processChild.js] {
  type: 'Error',
  code: 'MODULE_NOT_FOUND',
  requireStack: [Array],
  page: '/en/docs'
}
 ○ Compiling /_error ...
 ✓ Compiled /_error in 3s (2510 modules)
 GET /en/docs 500 in 25802ms
 ⨯ [Error: ENOENT: no such file or directory, open '/mnt/d/ai/viecom/.next/server/app-paths-manifest.json'] {
  errno: -2,
  code: 'ENOENT',
  syscall: 'open',
  path: '/mnt/d/ai/viecom/.next/server/app-paths-manifest.json'
}
[Error: ENOENT: no such file or directory, open '/mnt/d/ai/viecom/.next/routes-manifest.json'] {
  errno: -2,
  code: 'ENOENT',
  syscall: 'open',
  path: '/mnt/d/ai/viecom/.next/routes-manifest.json'
}
 ⨯ [Error: ENOENT: no such file or directory, open '/mnt/d/ai/viecom/.next/server/pages-manifest.json'] {
  errno: -2,
  code: 'ENOENT',
  syscall: 'open',
  path: '/mnt/d/ai/viecom/.next/server/pages-manifest.json'
}
[Error: ENOENT: no such file or directory, open '/mnt/d/ai/viecom/.next/routes-manifest.json'] {
  errno: -2,
  code: 'ENOENT',
  syscall: 'open',
  path: '/mnt/d/ai/viecom/.next/routes-manifest.json'
}
 GET /en/enhancing-product-photos 500 in 590ms
 GET /en/enhancing-product-photos 500 in 131ms
 ⨯ [Error: ENOENT: no such file or directory, open '/mnt/d/ai/viecom/.next/server/app-paths-manifest.json'] {
  errno: -2,
  code: 'ENOENT',
  syscall: 'open',
  path: '/mnt/d/ai/viecom/.next/server/app-paths-manifest.json'
}
[Error: ENOENT: no such file or directory, open '/mnt/d/ai/viecom/.next/routes-manifest.json'] {
  errno: -2,
  code: 'ENOENT',
  syscall: 'open',
  path: '/mnt/d/ai/viecom/.next/routes-manifest.json'
}
 ⨯ [Error: ENOENT: no such file or directory, open '/mnt/d/ai/viecom/.next/server/pages-manifest.json'] {
  errno: -2,
  code: 'ENOENT',
  syscall: 'open',
  path: '/mnt/d/ai/viecom/.next/server/pages-manifest.json'
}
[Error: ENOENT: no such file or directory, open '/mnt/d/ai/viecom/.next/routes-manifest.json'] {
  errno: -2,
  code: 'ENOENT',
  syscall: 'open',
  path: '/mnt/d/ai/viecom/.next/routes-manifest.json'
}
 GET /en/enhancing-product-photos 500 in 818ms
 GET /en/enhancing-product-photos 500 in 199ms
 ⨯ [Error: ENOENT: no such file or directory, open '/mnt/d/ai/viecom/.next/server/app-paths-manifest.json'] {
  errno: -2,
  code: 'ENOENT',
  syscall: 'open',
  path: '/mnt/d/ai/viecom/.next/server/app-paths-manifest.json'
}
[Error: ENOENT: no such file or directory, open '/mnt/d/ai/viecom/.next/routes-manifest.json'] {
  errno: -2,
  code: 'ENOENT',
  syscall: 'open',
  path: '/mnt/d/ai/viecom/.next/routes-manifest.json'
}
 ⨯ [Error: ENOENT: no such file or directory, open '/mnt/d/ai/viecom/.next/server/pages-manifest.json'] {
  errno: -2,
  code: 'ENOENT',
  syscall: 'open',
  path: '/mnt/d/ai/viecom/.next/server/pages-manifest.json'
}
[Error: ENOENT: no such file or directory, open '/mnt/d/ai/viecom/.next/routes-manifest.json'] {
  errno: -2,
  code: 'ENOENT',
  syscall: 'open',
  path: '/mnt/d/ai/viecom/.next/routes-manifest.json'
}
 GET /en/enhancing-product-photos 500 in 617ms
 GET /en/enhancing-product-photos 500 in 263ms
 ⨯ [Error: ENOENT: no such file or directory, open '/mnt/d/ai/viecom/.next/server/app-paths-manifest.json'] {
  errno: -2,
  code: 'ENOENT',
  syscall: 'open',
  path: '/mnt/d/ai/viecom/.next/server/app-paths-manifest.json'
}
[Error: ENOENT: no such file or directory, open '/mnt/d/ai/viecom/.next/routes-manifest.json'] {
  errno: -2,
  code: 'ENOENT',
  syscall: 'open',
  path: '/mnt/d/ai/viecom/.next/routes-manifest.json'
}
 ⨯ [Error: ENOENT: no such file or directory, open '/mnt/d/ai/viecom/.next/server/pages-manifest.json'] {
  errno: -2,
  code: 'ENOENT',
  syscall: 'open',
  path: '/mnt/d/ai/viecom/.next/server/pages-manifest.json'
}
[Error: ENOENT: no such file or directory, open '/mnt/d/ai/viecom/.next/routes-manifest.json'] {
  errno: -2,
  code: 'ENOENT',
  syscall: 'open',
  path: '/mnt/d/ai/viecom/.next/routes-manifest.json'
}
 GET /en/enhancing-product-photos 500 in 414ms
 GET /en/enhancing-product-photos 500 in 87ms
[Error: ENOENT: no such file or directory, stat '/mnt/d/ai/viecom/.next/cache/webpack/client-development/3.pack.gz'] {
  errno: -2,
  code: 'ENOENT',
  syscall: 'stat',
  path: '/mnt/d/ai/viecom/.next/cache/webpack/client-development/3.pack.gz'
}
 ⨯ unhandledRejection: [Error: ENOENT: no such file or directory, stat '/mnt/d/ai/viecom/.next/cache/webpack/client-development/3.pack.gz'] {
  errno: -2,
  code: 'ENOENT',
  syscall: 'stat',
  path: '/mnt/d/ai/viecom/.next/cache/webpack/client-development/3.pack.gz'
}
 ⨯ unhandledRejection:  [Error: ENOENT: no such file or directory, stat '/mnt/d/ai/viecom/.next/cache/webpack/client-development/3.pack.gz'] {
  errno: -2,
  code: 'ENOENT',
  syscall: 'stat',
  path: '/mnt/d/ai/viecom/.next/cache/webpack/client-development/3.pack.gz'
}
<w> [webpack.cache.PackFileCacheStrategy] Caching failed for pack: Error: ENOENT: no such file or directory, stat '/mnt/d/ai/viecom/.next/cache/webpack/client-development/3.pack.gz'
[Error: ENOENT: no such file or directory, stat '/mnt/d/ai/viecom/.next/cache/webpack/server-development/1.pack.gz'] {
  errno: -2,
  code: 'ENOENT',
  syscall: 'stat',
  path: '/mnt/d/ai/viecom/.next/cache/webpack/server-development/1.pack.gz'
}
 ⨯ unhandledRejection: [Error: ENOENT: no such file or directory, stat '/mnt/d/ai/viecom/.next/cache/webpack/server-development/1.pack.gz'] {
  errno: -2,
  code: 'ENOENT',
  syscall: 'stat',
  path: '/mnt/d/ai/viecom/.next/cache/webpack/server-development/1.pack.gz'
}
 ⨯ unhandledRejection:  [Error: ENOENT: no such file or directory, stat '/mnt/d/ai/viecom/.next/cache/webpack/server-development/1.pack.gz'] {
  errno: -2,
  code: 'ENOENT',
  syscall: 'stat',
  path: '/mnt/d/ai/viecom/.next/cache/webpack/server-development/1.pack.gz'
}
 ELIFECYCLE  Command failed.
[?25h
